#! /usr/bin/vvp
:ivl_version "11.0 (stable)";
:ivl_delay_selection "TYPICAL";
:vpi_time_precision + 0;
:vpi_module "/usr/lib/x86_64-linux-gnu/ivl/system.vpi";
:vpi_module "/usr/lib/x86_64-linux-gnu/ivl/vhdl_sys.vpi";
:vpi_module "/usr/lib/x86_64-linux-gnu/ivl/vhdl_textio.vpi";
:vpi_module "/usr/lib/x86_64-linux-gnu/ivl/v2005_math.vpi";
:vpi_module "/usr/lib/x86_64-linux-gnu/ivl/va_math.vpi";
S_0x5630571c0e20 .scope module, "muxxx" "muxxx" 2 1;
 .timescale 0 0;
    .port_info 0 /INPUT 32 "alu_out";
    .port_info 1 /INPUT 32 "wrapmemout";
    .port_info 2 /INPUT 32 "jal_add";
    .port_info 3 /INPUT 1 "rsel";
    .port_info 4 /OUTPUT 32 "data_reg_in";
v0x5630571c1030_0 .net *"_ivl_0", 31 0, L_0x56305720e080;  1 drivers
L_0x7ffa7d65a0a8 .functor BUFT 1, C4<0000000000000000000000000000000>, C4<0>, C4<0>, C4<0>;
v0x56305720cc90_0 .net *"_ivl_11", 30 0, L_0x7ffa7d65a0a8;  1 drivers
L_0x7ffa7d65a0f0 .functor BUFT 1, C4<00000000000000000000000000000001>, C4<0>, C4<0>, C4<0>;
v0x56305720cd70_0 .net/2u *"_ivl_12", 31 0, L_0x7ffa7d65a0f0;  1 drivers
v0x56305720ce60_0 .net *"_ivl_14", 0 0, L_0x56305721e490;  1 drivers
v0x56305720cf20_0 .net *"_ivl_16", 31 0, L_0x56305721e630;  1 drivers
L_0x7ffa7d65a138 .functor BUFT 1, C4<0000000000000000000000000000000>, C4<0>, C4<0>, C4<0>;
v0x56305720d050_0 .net *"_ivl_19", 30 0, L_0x7ffa7d65a138;  1 drivers
L_0x7ffa7d65a180 .functor BUFT 1, C4<00000000000000000000000000001010>, C4<0>, C4<0>, C4<0>;
v0x56305720d130_0 .net/2u *"_ivl_20", 31 0, L_0x7ffa7d65a180;  1 drivers
v0x56305720d210_0 .net *"_ivl_22", 0 0, L_0x56305721e770;  1 drivers
L_0x7ffa7d65a1c8 .functor BUFT 1, C4<00000000000000000000000000000100>, C4<0>, C4<0>, C4<0>;
v0x56305720d2d0_0 .net/2u *"_ivl_24", 31 0, L_0x7ffa7d65a1c8;  1 drivers
v0x56305720d3b0_0 .net *"_ivl_26", 31 0, L_0x56305721e8f0;  1 drivers
L_0x7ffa7d65a210 .functor BUFT 1, C4<00000000000000000000000000000000>, C4<0>, C4<0>, C4<0>;
v0x56305720d490_0 .net/2u *"_ivl_28", 31 0, L_0x7ffa7d65a210;  1 drivers
L_0x7ffa7d65a018 .functor BUFT 1, C4<0000000000000000000000000000000>, C4<0>, C4<0>, C4<0>;
v0x56305720d570_0 .net *"_ivl_3", 30 0, L_0x7ffa7d65a018;  1 drivers
v0x56305720d650_0 .net *"_ivl_30", 31 0, L_0x56305721e9e0;  1 drivers
v0x56305720d730_0 .net *"_ivl_32", 31 0, L_0x56305721ebf0;  1 drivers
L_0x7ffa7d65a060 .functor BUFT 1, C4<00000000000000000000000000000000>, C4<0>, C4<0>, C4<0>;
v0x56305720d810_0 .net/2u *"_ivl_4", 31 0, L_0x7ffa7d65a060;  1 drivers
v0x56305720d8f0_0 .net *"_ivl_6", 0 0, L_0x56305721e1e0;  1 drivers
v0x56305720d9b0_0 .net *"_ivl_8", 31 0, L_0x56305721e350;  1 drivers
o0x7ffa7d6a3348 .functor BUFZ 32, C4<zzzzzzzzzzzzzzzzzzzzzzzzzzzzzzzz>; HiZ drive
v0x56305720dba0_0 .net "alu_out", 31 0, o0x7ffa7d6a3348;  0 drivers
v0x56305720dc80_0 .net "data_reg_in", 31 0, L_0x56305721ed30;  1 drivers
o0x7ffa7d6a33a8 .functor BUFZ 32, C4<zzzzzzzzzzzzzzzzzzzzzzzzzzzzzzzz>; HiZ drive
v0x56305720dd60_0 .net "jal_add", 31 0, o0x7ffa7d6a33a8;  0 drivers
o0x7ffa7d6a33d8 .functor BUFZ 1, C4<z>; HiZ drive
v0x56305720de40_0 .net "rsel", 0 0, o0x7ffa7d6a33d8;  0 drivers
o0x7ffa7d6a3408 .functor BUFZ 32, C4<zzzzzzzzzzzzzzzzzzzzzzzzzzzzzzzz>; HiZ drive
v0x56305720df00_0 .net "wrapmemout", 31 0, o0x7ffa7d6a3408;  0 drivers
L_0x56305720e080 .concat [ 1 31 0 0], o0x7ffa7d6a33d8, L_0x7ffa7d65a018;
L_0x56305721e1e0 .cmp/eq 32, L_0x56305720e080, L_0x7ffa7d65a060;
L_0x56305721e350 .concat [ 1 31 0 0], o0x7ffa7d6a33d8, L_0x7ffa7d65a0a8;
L_0x56305721e490 .cmp/eq 32, L_0x56305721e350, L_0x7ffa7d65a0f0;
L_0x56305721e630 .concat [ 1 31 0 0], o0x7ffa7d6a33d8, L_0x7ffa7d65a138;
L_0x56305721e770 .cmp/eq 32, L_0x56305721e630, L_0x7ffa7d65a180;
L_0x56305721e8f0 .arith/sum 32, o0x7ffa7d6a33a8, L_0x7ffa7d65a1c8;
L_0x56305721e9e0 .functor MUXZ 32, L_0x7ffa7d65a210, L_0x56305721e8f0, L_0x56305721e770, C4<>;
L_0x56305721ebf0 .functor MUXZ 32, L_0x56305721e9e0, o0x7ffa7d6a3408, L_0x56305721e490, C4<>;
L_0x56305721ed30 .functor MUXZ 32, L_0x56305721ebf0, o0x7ffa7d6a3348, L_0x56305721e1e0, C4<>;
# The file index is used to find the file name in the following table.
:file_names 3;
    "N/A";
    "<interactive>";
    "mux3.v";
